Android App/build/app/intermediates/manifest_merge_blame_file/release/manifest-merger-blame-release-report.txt
1<?xml version="1.0" encoding="utf-8"?>
2<manifest xmlns:android="http://schemas.android.com/apk/res/android"
3    package="com.example.minor_project"
4    android:versionCode="1"
5    android:versionName="1.0.0" >
6
7    <uses-sdk
8        android:minSdkVersion="21"
8-->src\main\AndroidManifest.xml
9        android:targetSdkVersion="29" />
9-->src\main\AndroidManifest.xml
10
11    <uses-permission android:name="android.permission.ACCESS_FINE_LOCATION" />
11-->src\main\AndroidManifest.xml:50:5-79
11-->src\main\AndroidManifest.xml:50:22-76
12    <uses-permission android:name="android.permission.INTERNET" /> <!-- Although the *SdkVersion is captured in gradle build files, this is required for non gradle builds -->
12-->[com.razorpay:checkout:1.6.8] AndroidManifest.xml:9:5-67
12-->[com.razorpay:checkout:1.6.8] AndroidManifest.xml:9:22-64
13    <!-- <uses-sdk android:minSdkVersion="14" /> -->
14    <uses-permission android:name="android.permission.ACCESS_NETWORK_STATE" />
14-->[com.google.firebase:firebase-firestore:21.7.1] AndroidManifest.xml:13:5-79
14-->[com.google.firebase:firebase-firestore:21.7.1] AndroidManifest.xml:13:22-76
15
16    <uses-feature
16-->[com.google.android.gms:play-services-maps:17.0.0] AndroidManifest.xml:26:5-28:35
17        android:glEsVersion="0x00020000"
17-->[com.google.android.gms:play-services-maps:17.0.0] AndroidManifest.xml:27:9-41
18        android:required="true" />
18-->[com.google.android.gms:play-services-maps:17.0.0] AndroidManifest.xml:28:9-32
19
20    <uses-permission android:name="android.permission.WAKE_LOCK" />
20-->[com.google.android.gms:play-services-measurement:17.6.0] AndroidManifest.xml:25:5-68
20-->[com.google.android.gms:play-services-measurement:17.6.0] AndroidManifest.xml:25:22-65
21    <uses-permission android:name="com.google.android.finsky.permission.BIND_GET_INSTALL_REFERRER_SERVICE" />
21-->[com.google.android.gms:play-services-measurement:17.6.0] AndroidManifest.xml:26:5-110
21-->[com.google.android.gms:play-services-measurement:17.6.0] AndroidManifest.xml:26:22-107
22    <!--
23 io.flutter.app.FlutterApplication is an android.app.Application that
24         calls FlutterMain.startInitialization(this); in its onCreate method.
25         In most cases you can leave this as-is, but you if you want to provide
26         additional functionality it is fine to subclass or reimplement
27         FlutterApplication and put your custom class here.
28    -->
29    <application
29-->src\main\AndroidManifest.xml:8:5-48:19
30        android:name="io.flutter.app.FlutterApplication"
30-->src\main\AndroidManifest.xml:9:9-57
31        android:appComponentFactory="androidx.core.app.CoreComponentFactory"
31-->[androidx.core:core:1.1.0] AndroidManifest.xml:24:18-86
32        android:icon="@mipmap/ic_launcher"
32-->src\main\AndroidManifest.xml:11:9-43
33        android:label="Simply Parking" >
33-->src\main\AndroidManifest.xml:10:9-39
34        <activity
34-->src\main\AndroidManifest.xml:12:9-40:20
35            android:name="com.example.minor_project.MainActivity"
35-->src\main\AndroidManifest.xml:13:13-41
36            android:configChanges="orientation|keyboardHidden|keyboard|screenSize|smallestScreenSize|locale|layoutDirection|fontScale|screenLayout|density|uiMode"
36-->src\main\AndroidManifest.xml:16:13-163
37            android:hardwareAccelerated="true"
37-->src\main\AndroidManifest.xml:17:13-47
38            android:launchMode="singleTop"
38-->src\main\AndroidManifest.xml:14:13-43
39            android:theme="@style/LaunchTheme"
39-->src\main\AndroidManifest.xml:15:13-47
40            android:windowSoftInputMode="adjustResize" >
40-->src\main\AndroidManifest.xml:18:13-55
41
42            <!--
43                 Specifies an Android theme to apply to this Activity as soon as
44                 the Android process has started. This theme is visible to the user
45                 while the Flutter UI initializes. After that, this theme continues
46                 to determine the Window background behind the Flutter UI.
47            -->
48            <meta-data
48-->src\main\AndroidManifest.xml:23:13-26:17
49                android:name="io.flutter.embedding.android.NormalTheme"
49-->src\main\AndroidManifest.xml:24:15-70
50                android:resource="@style/NormalTheme" />
50-->src\main\AndroidManifest.xml:25:15-52
51            <!--
52                 Displays an Android View that continues showing the launch screen
53                 Drawable until Flutter paints its first frame, then this splash
54                 screen fades out. A splash screen is useful to avoid any visual
55                 gap between the end of Android's launch screen and the painting of
56                 Flutter's first frame.
57            -->
58            <meta-data
58-->src\main\AndroidManifest.xml:32:13-35:17
59                android:name="io.flutter.embedding.android.SplashScreenDrawable"
59-->src\main\AndroidManifest.xml:33:15-79
60                android:resource="@drawable/launch_background" />
60-->src\main\AndroidManifest.xml:34:15-61
61
62            <intent-filter>
62-->src\main\AndroidManifest.xml:36:13-39:29
63                <action android:name="android.intent.action.MAIN" />
63-->src\main\AndroidManifest.xml:37:17-68
63-->src\main\AndroidManifest.xml:37:25-66
64
65                <category android:name="android.intent.category.LAUNCHER" />
65-->src\main\AndroidManifest.xml:38:17-76
65-->src\main\AndroidManifest.xml:38:27-74
66            </intent-filter>
67        </activity>
68        <!--
69             Don't delete the meta-data below.
70             This is used by the Flutter tool to generate GeneratedPluginRegistrant.java
71        -->
72        <meta-data
72-->src\main\AndroidManifest.xml:43:9-45:33
73            android:name="flutterEmbedding"
73-->src\main\AndroidManifest.xml:44:13-44
74            android:value="2" />
74-->src\main\AndroidManifest.xml:45:13-30
75        <meta-data
75-->src\main\AndroidManifest.xml:46:9-47:70
76            android:name="com.google.android.geo.API_KEY"
76-->src\main\AndroidManifest.xml:46:20-65
77            android:value="AIzaSyBaSIzjAQ2dq2QdwkSS2xP93wAXwmCmkFA" />
77-->src\main\AndroidManifest.xml:47:13-68
78
79        <service
79-->[:cloud_firestore] AndroidManifest.xml:8:9-12:19
80            android:name="com.google.firebase.components.ComponentDiscoveryService"
80-->[:cloud_firestore] AndroidManifest.xml:8:18-89
81            android:directBootAware="true"
81-->[com.google.firebase:firebase-common:19.3.1] AndroidManifest.xml:35:13-43
82            android:exported="false" >
82-->[com.google.firebase:firebase-auth:19.4.0] AndroidManifest.xml:35:13-37
83            <meta-data
83-->[:cloud_firestore] AndroidManifest.xml:9:13-11:85
84                android:name="com.google.firebase.components:io.flutter.plugins.firebase.firestore.FlutterFirebaseFirestoreRegistrar"
84-->[:cloud_firestore] AndroidManifest.xml:10:17-134
85                android:value="com.google.firebase.components.ComponentRegistrar" />
85-->[:cloud_firestore] AndroidManifest.xml:11:17-82
86            <meta-data
86-->[:firebase_auth] AndroidManifest.xml:9:13-11:85
87                android:name="com.google.firebase.components:io.flutter.plugins.firebase.auth.FlutterFirebaseAuthRegistrar"
87-->[:firebase_auth] AndroidManifest.xml:10:17-124
88                android:value="com.google.firebase.components.ComponentRegistrar" />
88-->[:firebase_auth] AndroidManifest.xml:11:17-82
89            <meta-data
89-->[:firebase_core] AndroidManifest.xml:9:13-11:85
90                android:name="com.google.firebase.components:io.flutter.plugins.firebase.core.FlutterFirebaseCoreRegistrar"
90-->[:firebase_core] AndroidManifest.xml:10:17-124
91                android:value="com.google.firebase.components.ComponentRegistrar" />
91-->[:firebase_core] AndroidManifest.xml:11:17-82
92            <meta-data
92-->[com.google.firebase:firebase-auth:19.4.0] AndroidManifest.xml:36:13-38:85
93                android:name="com.google.firebase.components:com.google.firebase.auth.FirebaseAuthRegistrar"
93-->[com.google.firebase:firebase-auth:19.4.0] AndroidManifest.xml:37:17-109
94                android:value="com.google.firebase.components.ComponentRegistrar" />
94-->[com.google.firebase:firebase-auth:19.4.0] AndroidManifest.xml:38:17-82
95            <meta-data
95-->[com.google.firebase:firebase-firestore:21.7.1] AndroidManifest.xml:20:13-22:85
96                android:name="com.google.firebase.components:com.google.firebase.firestore.FirestoreRegistrar"
96-->[com.google.firebase:firebase-firestore:21.7.1] AndroidManifest.xml:21:17-111
97                android:value="com.google.firebase.components.ComponentRegistrar" />
97-->[com.google.firebase:firebase-firestore:21.7.1] AndroidManifest.xml:22:17-82
98            <meta-data
98-->[com.google.android.gms:play-services-measurement-api:17.6.0] AndroidManifest.xml:30:13-32:85
99                android:name="com.google.firebase.components:com.google.firebase.analytics.connector.internal.AnalyticsConnectorRegistrar"
99-->[com.google.android.gms:play-services-measurement-api:17.6.0] AndroidManifest.xml:31:17-139
100                android:value="com.google.firebase.components.ComponentRegistrar" />
100-->[com.google.android.gms:play-services-measurement-api:17.6.0] AndroidManifest.xml:32:17-82
101            <meta-data
101-->[com.google.firebase:firebase-installations:16.3.2] AndroidManifest.xml:17:13-19:85
102                android:name="com.google.firebase.components:com.google.firebase.installations.FirebaseInstallationsRegistrar"
102-->[com.google.firebase:firebase-installations:16.3.2] AndroidManifest.xml:18:17-127
103                android:value="com.google.firebase.components.ComponentRegistrar" />
103-->[com.google.firebase:firebase-installations:16.3.2] AndroidManifest.xml:19:17-82
104        </service>
105
106        <activity
106-->[:razorpay_flutter] AndroidManifest.xml:8:9-11:20
107            android:name="com.razorpay.CheckoutActivity"
107-->[:razorpay_flutter] AndroidManifest.xml:9:13-57
108            android:configChanges="keyboard|keyboardHidden|orientation|screenSize"
108-->[com.razorpay:checkout:1.6.8] AndroidManifest.xml:20:13-83
109            android:label="Razorpay Checkout"
109-->[:razorpay_flutter] AndroidManifest.xml:10:13-46
110            android:theme="@style/CheckoutTheme" >
110-->[com.razorpay:checkout:1.6.8] AndroidManifest.xml:21:13-49
111            <intent-filter>
111-->[com.razorpay:checkout:1.6.8] AndroidManifest.xml:22:13-28:29
112                <action android:name="android.intent.action.MAIN" />
112-->src\main\AndroidManifest.xml:37:17-68
112-->src\main\AndroidManifest.xml:37:25-66
113
114                <data
114-->[com.razorpay:checkout:1.6.8] AndroidManifest.xml:25:17-27:47
115                    android:host="rzp.io"
115-->[com.razorpay:checkout:1.6.8] AndroidManifest.xml:26:21-42
116                    android:scheme="io.rzp" />
116-->[com.razorpay:checkout:1.6.8] AndroidManifest.xml:27:21-44
117            </intent-filter>
118        </activity>
119
120        <receiver android:name="com.razorpay.RzpTokenReceiver" >
120-->[com.razorpay:checkout:1.6.8] AndroidManifest.xml:12:9-16:20
120-->[com.razorpay:checkout:1.6.8] AndroidManifest.xml:12:19-63
121            <intent-filter>
121-->[com.razorpay:checkout:1.6.8] AndroidManifest.xml:13:13-15:29
122                <action android:name="rzp.device_token.share" />
122-->[com.razorpay:checkout:1.6.8] AndroidManifest.xml:14:17-65
122-->[com.razorpay:checkout:1.6.8] AndroidManifest.xml:14:25-62
123            </intent-filter>
124        </receiver>
125
126        <activity
126-->[:url_launcher] AndroidManifest.xml:8:9-11:74
127            android:name="io.flutter.plugins.urllauncher.WebViewActivity"
127-->[:url_launcher] AndroidManifest.xml:9:13-74
128            android:exported="false"
128-->[:url_launcher] AndroidManifest.xml:10:13-37
129            android:theme="@android:style/Theme.NoTitleBar.Fullscreen" />
129-->[:url_launcher] AndroidManifest.xml:11:13-71
130        <activity
130-->[com.google.firebase:firebase-auth:19.4.0] AndroidManifest.xml:24:9-31:50
131            android:name="com.google.firebase.auth.internal.FederatedSignInActivity"
131-->[com.google.firebase:firebase-auth:19.4.0] AndroidManifest.xml:25:13-85
132            android:excludeFromRecents="true"
132-->[com.google.firebase:firebase-auth:19.4.0] AndroidManifest.xml:26:13-46
133            android:exported="true"
133-->[com.google.firebase:firebase-auth:19.4.0] AndroidManifest.xml:27:13-36
134            android:launchMode="singleTask"
134-->[com.google.firebase:firebase-auth:19.4.0] AndroidManifest.xml:28:13-44
135            android:permission="com.google.firebase.auth.api.gms.permission.LAUNCH_FEDERATED_SIGN_IN"
135-->[com.google.firebase:firebase-auth:19.4.0] AndroidManifest.xml:29:13-102
136            android:theme="@android:style/Theme.Translucent.NoTitleBar" />
136-->[com.google.firebase:firebase-auth:19.4.0] AndroidManifest.xml:30:13-72
137        <activity
137-->[com.google.android.gms:play-services-auth:17.0.0] AndroidManifest.xml:23:9-27:75
138            android:name="com.google.android.gms.auth.api.signin.internal.SignInHubActivity"
138-->[com.google.android.gms:play-services-auth:17.0.0] AndroidManifest.xml:24:13-93
139            android:excludeFromRecents="true"
139-->[com.google.android.gms:play-services-auth:17.0.0] AndroidManifest.xml:25:13-46
140            android:exported="false"
140-->[com.google.android.gms:play-services-auth:17.0.0] AndroidManifest.xml:26:13-37
141            android:theme="@android:style/Theme.Translucent.NoTitleBar" />
141-->[com.google.android.gms:play-services-auth:17.0.0] AndroidManifest.xml:27:13-72
142        <!--
143            Service handling Google Sign-In user revocation. For apps that do not integrate with
144            Google Sign-In, this service will never be started.
145        -->
146        <service
146-->[com.google.android.gms:play-services-auth:17.0.0] AndroidManifest.xml:33:9-36:110
147            android:name="com.google.android.gms.auth.api.signin.RevocationBoundService"
147-->[com.google.android.gms:play-services-auth:17.0.0] AndroidManifest.xml:34:13-89
148            android:exported="true"
148-->[com.google.android.gms:play-services-auth:17.0.0] AndroidManifest.xml:35:13-36
149            android:permission="com.google.android.gms.auth.api.signin.permission.REVOCATION_NOTIFICATION" /> <!-- Needs to be explicitly declared on P+ -->
149-->[com.google.android.gms:play-services-auth:17.0.0] AndroidManifest.xml:36:13-107
150        <uses-library
150-->[com.google.android.gms:play-services-maps:17.0.0] AndroidManifest.xml:33:9-35:40
151            android:name="org.apache.http.legacy"
151-->[com.google.android.gms:play-services-maps:17.0.0] AndroidManifest.xml:34:13-50
152            android:required="false" />
152-->[com.google.android.gms:play-services-maps:17.0.0] AndroidManifest.xml:35:13-37
153
154        <receiver
154-->[com.google.android.gms:play-services-measurement:17.6.0] AndroidManifest.xml:29:9-33:20
155            android:name="com.google.android.gms.measurement.AppMeasurementReceiver"
155-->[com.google.android.gms:play-services-measurement:17.6.0] AndroidManifest.xml:30:13-85
156            android:enabled="true"
156-->[com.google.android.gms:play-services-measurement:17.6.0] AndroidManifest.xml:31:13-35
157            android:exported="false" >
157-->[com.google.android.gms:play-services-measurement:17.6.0] AndroidManifest.xml:32:13-37
158        </receiver>
159
160        <service
160-->[com.google.android.gms:play-services-measurement:17.6.0] AndroidManifest.xml:35:9-38:40
161            android:name="com.google.android.gms.measurement.AppMeasurementService"
161-->[com.google.android.gms:play-services-measurement:17.6.0] AndroidManifest.xml:36:13-84
162            android:enabled="true"
162-->[com.google.android.gms:play-services-measurement:17.6.0] AndroidManifest.xml:37:13-35
163            android:exported="false" />
163-->[com.google.android.gms:play-services-measurement:17.6.0] AndroidManifest.xml:38:13-37
164        <service
164-->[com.google.android.gms:play-services-measurement:17.6.0] AndroidManifest.xml:39:9-43:72
165            android:name="com.google.android.gms.measurement.AppMeasurementJobService"
165-->[com.google.android.gms:play-services-measurement:17.6.0] AndroidManifest.xml:40:13-87
166            android:enabled="true"
166-->[com.google.android.gms:play-services-measurement:17.6.0] AndroidManifest.xml:41:13-35
167            android:exported="false"
167-->[com.google.android.gms:play-services-measurement:17.6.0] AndroidManifest.xml:42:13-37
168            android:permission="android.permission.BIND_JOB_SERVICE" />
168-->[com.google.android.gms:play-services-measurement:17.6.0] AndroidManifest.xml:43:13-69
169
170        <provider
170-->[com.google.firebase:firebase-common:19.3.1] AndroidManifest.xml:26:9-31:39
171            android:name="com.google.firebase.provider.FirebaseInitProvider"
171-->[com.google.firebase:firebase-common:19.3.1] AndroidManifest.xml:27:13-77
172            android:authorities="com.example.minor_project.firebaseinitprovider"
172-->[com.google.firebase:firebase-common:19.3.1] AndroidManifest.xml:28:13-72
173            android:directBootAware="true"
173-->[com.google.firebase:firebase-common:19.3.1] AndroidManifest.xml:29:13-43
174            android:exported="false"
174-->[com.google.firebase:firebase-common:19.3.1] AndroidManifest.xml:30:13-37
175            android:initOrder="100" />
175-->[com.google.firebase:firebase-common:19.3.1] AndroidManifest.xml:31:13-36
176
177        <activity
177-->[com.google.android.gms:play-services-base:17.1.0] AndroidManifest.xml:23:9-26:75
178            android:name="com.google.android.gms.common.api.GoogleApiActivity"
178-->[com.google.android.gms:play-services-base:17.1.0] AndroidManifest.xml:24:13-79
179            android:exported="false"
179-->[com.google.android.gms:play-services-base:17.1.0] AndroidManifest.xml:25:13-37
180            android:theme="@android:style/Theme.Translucent.NoTitleBar" />
180-->[com.google.android.gms:play-services-base:17.1.0] AndroidManifest.xml:26:13-72
181
182        <meta-data
182-->[com.google.android.gms:play-services-basement:17.0.0] AndroidManifest.xml:23:9-25:69
183            android:name="com.google.android.gms.version"
183-->[com.google.android.gms:play-services-basement:17.0.0] AndroidManifest.xml:24:13-58
184            android:value="@integer/google_play_services_version" />
184-->[com.google.android.gms:play-services-basement:17.0.0] AndroidManifest.xml:25:13-66
185    </application>
186
187</manifest>